Arguments: 
  /home/gabriel/.nvm/versions/node/v18.12.1/bin/node /home/gabriel/.nvm/versions/node/v18.12.1/bin/yarn release

PATH: 
  /home/gabriel/.amplify/bin:/home/gabriel/.nvm/versions/node/v18.12.1/bin:/usr/local/sbin:/usr/local/bin:/usr/sbin:/usr/bin:/sbin:/bin:/usr/games:/usr/local/games:/snap/bin:/snap/bin:/home/gabriel/.local/share/JetBrains/Toolbox/scripts:/home/gabriel/Documents/Projects/nestjs-graphql-adapter-prisma/node_modules/.bin

Yarn version: 
  1.22.19

Node version: 
  18.12.1

Platform: 
  linux x64

Trace: 
  SyntaxError: /home/gabriel/Documents/Projects/nestjs-graphql-adapter-prisma/package.json: Unexpected string in JSON at position 517
      at JSON.parse (<anonymous>)
      at /home/gabriel/.nvm/versions/node/v18.12.1/lib/node_modules/yarn/lib/cli.js:1629:59
      at Generator.next (<anonymous>)
      at step (/home/gabriel/.nvm/versions/node/v18.12.1/lib/node_modules/yarn/lib/cli.js:310:30)
      at /home/gabriel/.nvm/versions/node/v18.12.1/lib/node_modules/yarn/lib/cli.js:321:13

npm manifest: 
  {
    "name": "@gabrieljsilva/nestjs-graphql-filter-adapter-prisma",
    "version": "0.0.2-rc.0",
    "description": "Prisma adapter for nestjs graphql filters library",
    "author": "gabrieljsilva",
    "private": false,
    "license": "MIT",
    "main": "./dist/index.js",
    "types": "./dist/index.d.ts",
    "scripts": {
      "prebuild": "rimraf dist",
      "build": "tsc",
      "major": "npm version major",
      "minor": "npm version minor",
      "patch": "npm version patch",
      "release": "npm version prerelease --preid=rc"
      "premajor": "npm version premajor --preid=rc",
      "preminor": "npm version preminor --preid=rc",
      "prepatch": "npm version prepatch --preid=rc",
      "prerelease": "npm version prerelease --preid=rc",
    },
    "dependencies": {
      "@gabrieljsilva/nestjs-graphql-filter": "^0.0.1",
      "rimraf": "^3.0.2"
    },
    "devDependencies": {
      "@nestjs/testing": "^9.0.0",
      "@types/jest": "28.1.8",
      "@types/node": "^16.0.0",
      "@typescript-eslint/eslint-plugin": "^5.0.0",
      "@typescript-eslint/parser": "^5.0.0",
      "eslint": "8.22.0",
      "eslint-config-prettier": "^8.3.0",
      "eslint-plugin-prettier": "^4.0.0",
      "jest": "28.1.3",
      "prettier": "^2.3.2",
      "source-map-support": "^0.5.20",
      "ts-jest": "28.0.8",
      "ts-loader": "^9.2.3",
      "ts-node": "^10.9.1",
      "typescript": "^4.7.4"
    },
    "jest": {
      "moduleFileExtensions": [
        "js",
        "json",
        "ts"
      ],
      "testRegex": ".*\\.spec\\.ts$",
      "transform": {
        "^.+\\.(t|j)s$": "ts-jest"
      },
      "collectCoverageFrom": [
        "**/*.(t|j)s"
      ],
      "coverageDirectory": "../coverage",
      "testEnvironment": "node",
      "rootDir": ".",
      "moduleNameMapper": {}
    }
  }

yarn manifest: 
  No manifest

Lockfile: 
  No lockfile
